// 读错题
#ifndef _USE_MATH_DEFINES
 #define _USE_MATH_DEFINES
#endif
#include <bits/stdc++.h>
#define IOS                   \
 ios::sync_with_stdio(false); \
 cin.tie(0);                  \
 cout.tie(0);
#define x first
#define y second
using namespace std;
using LL = long long;
using ULL = unsigned long long;
using LD = long double;
using P = pair<int, int>;
const int inf = 0x3f3f3f3f;
const LL LLinf = 0x3f3f3f3f3f3f3f3f;
int main(int argc, char const *argv[])
{
    int n, m;
    cin >> n >> m;
    vector<int> to(n+1);
    for(int i=1; i<=n; i++)
        cin >> to[i];
    long long ans = 0u;
    long long mod = 998244353;

    LL ans = 0;

    return 0;
}
